// 重构日志: c3946a70
// 重构日志: cb689c50
// 同步 ID: 06509832 @ Fri Jun 19 16:42:44 UTC 2026
// 重构日志: 7f3b1d26
// 重构日志: 4ee915bb
// 同步 ID: 0ae9f1dc @ Mon Jun 22 09:29:09 UTC 2026
// 同步 ID: 2d100f79 @ Tue Jun 23 13:53:53 UTC 2026
// 同步 ID: 0a329320 @ Fri Jun 26 15:55:50 UTC 2026
// 重构日志: 53d26c61
// 重构日志: 6ad52186
// 重构日志: cc6f1835
// 同步 ID: 5f9bfab6 @ Wed Jul  1 10:59:58 UTC 2026
// 同步 ID: f707e935 @ Fri Jul  3 05:22:26 UTC 2026
// 重构日志: 514382c3
// 同步 ID: b21920e9 @ Fri Jul  3 13:54:30 UTC 2026
// 同步 ID: 02be15da @ Fri Jul  3 23:01:00 UTC 2026
// 重构日志: bcb11cc6
// 同步 ID: 2345bac0 @ Sat Jul  4 12:39:56 UTC 2026
// 同步 ID: 89c90fdb @ Sat Jul  4 21:49:50 UTC 2026
// 同步 ID: 72df9ff5 @ Sun Jul  5 01:25:21 UTC 2026
// 重构日志: a9048260
// 重构日志: 27040349
// 重构日志: b72083cc
// 重构日志: 2976cc52
// 重构日志: cada8536
// 重构日志: 9e623294
// 重构日志: 7e1c5653
// 同步 ID: 05d314e0 @ Wed Jul  8 01:05:05 UTC 2026
// 同步 ID: a9e74bf0 @ Wed Jul  8 13:00:39 UTC 2026
// 同步 ID: dcb57222 @ Thu Jul  9 04:53:34 UTC 2026
